{"/Users/omar/Intellica/backend/controllers/aiController.js": {"path":"/Users/omar/Intellica/backend/controllers/aiController.js","statementMap":{"0":{"start":{"line":13,"column":34},"end":{"line":66,"column":1}},"1":{"start":{"line":14,"column":4},"end":{"line":65,"column":5}},"2":{"start":{"line":15,"column":43},"end":{"line":15,"column":51}},"3":{"start":{"line":17,"column":8},"end":{"line":23,"column":9}},"4":{"start":{"line":18,"column":12},"end":{"line":22,"column":14}},"5":{"start":{"line":24,"column":25},"end":{"line":28,"column":10}},"6":{"start":{"line":30,"column":8},"end":{"line":36,"column":9}},"7":{"start":{"line":31,"column":12},"end":{"line":35,"column":15}},"8":{"start":{"line":39,"column":22},"end":{"line":42,"column":9}},"9":{"start":{"line":45,"column":29},"end":{"line":55,"column":10}},"10":{"start":{"line":48,"column":38},"end":{"line":54,"column":13}},"11":{"start":{"line":57,"column":8},"end":{"line":61,"column":10}},"12":{"start":{"line":64,"column":8},"end":{"line":64,"column":20}},"13":{"start":{"line":71,"column":28},"end":{"line":123,"column":1}},"14":{"start":{"line":72,"column":4},"end":{"line":122,"column":5}},"15":{"start":{"line":73,"column":56},"end":{"line":73,"column":64}},"16":{"start":{"line":75,"column":8},"end":{"line":81,"column":9}},"17":{"start":{"line":76,"column":12},"end":{"line":80,"column":15}},"18":{"start":{"line":83,"column":25},"end":{"line":87,"column":10}},"19":{"start":{"line":89,"column":8},"end":{"line":95,"column":9}},"20":{"start":{"line":90,"column":12},"end":{"line":94,"column":15}},"21":{"start":{"line":98,"column":26},"end":{"line":101,"column":9}},"22":{"start":{"line":104,"column":21},"end":{"line":112,"column":10}},"23":{"start":{"line":114,"column":8},"end":{"line":118,"column":11}},"24":{"start":{"line":121,"column":8},"end":{"line":121,"column":19}},"25":{"start":{"line":129,"column":31},"end":{"line":172,"column":1}},"26":{"start":{"line":130,"column":4},"end":{"line":171,"column":5}},"27":{"start":{"line":131,"column":31},"end":{"line":131,"column":39}},"28":{"start":{"line":133,"column":8},"end":{"line":139,"column":9}},"29":{"start":{"line":134,"column":12},"end":{"line":138,"column":15}},"30":{"start":{"line":141,"column":25},"end":{"line":145,"column":10}},"31":{"start":{"line":147,"column":8},"end":{"line":153,"column":9}},"32":{"start":{"line":148,"column":12},"end":{"line":152,"column":15}},"33":{"start":{"line":156,"column":24},"end":{"line":158,"column":9}},"34":{"start":{"line":160,"column":8},"end":{"line":168,"column":11}},"35":{"start":{"line":170,"column":8},"end":{"line":170,"column":19}},"36":{"start":{"line":177,"column":20},"end":{"line":256,"column":1}},"37":{"start":{"line":178,"column":4},"end":{"line":255,"column":5}},"38":{"start":{"line":179,"column":39},"end":{"line":179,"column":47}},"39":{"start":{"line":181,"column":8},"end":{"line":187,"column":9}},"40":{"start":{"line":182,"column":12},"end":{"line":186,"column":15}},"41":{"start":{"line":189,"column":25},"end":{"line":193,"column":10}},"42":{"start":{"line":195,"column":8},"end":{"line":201,"column":9}},"43":{"start":{"line":196,"column":12},"end":{"line":200,"column":15}},"44":{"start":{"line":204,"column":31},"end":{"line":204,"column":79}},"45":{"start":{"line":205,"column":29},"end":{"line":205,"column":66}},"46":{"start":{"line":205,"column":53},"end":{"line":205,"column":65}},"47":{"start":{"line":208,"column":26},"end":{"line":211,"column":10}},"48":{"start":{"line":213,"column":8},"end":{"line":219,"column":9}},"49":{"start":{"line":214,"column":12},"end":{"line":218,"column":15}},"50":{"start":{"line":222,"column":23},"end":{"line":222,"column":84}},"51":{"start":{"line":225,"column":8},"end":{"line":238,"column":10}},"52":{"start":{"line":240,"column":8},"end":{"line":240,"column":33}},"53":{"start":{"line":242,"column":8},"end":{"line":251,"column":11}},"54":{"start":{"line":254,"column":8},"end":{"line":254,"column":19}},"55":{"start":{"line":262,"column":30},"end":{"line":307,"column":1}},"56":{"start":{"line":263,"column":4},"end":{"line":306,"column":5}},"57":{"start":{"line":264,"column":40},"end":{"line":264,"column":48}},"58":{"start":{"line":266,"column":8},"end":{"line":272,"column":9}},"59":{"start":{"line":267,"column":12},"end":{"line":271,"column":15}},"60":{"start":{"line":274,"column":25},"end":{"line":278,"column":10}},"61":{"start":{"line":280,"column":8},"end":{"line":286,"column":9}},"62":{"start":{"line":281,"column":12},"end":{"line":285,"column":15}},"63":{"start":{"line":289,"column":31},"end":{"line":289,"column":78}},"64":{"start":{"line":290,"column":24},"end":{"line":290,"column":71}},"65":{"start":{"line":290,"column":48},"end":{"line":290,"column":57}},"66":{"start":{"line":293,"column":28},"end":{"line":293,"column":80}},"67":{"start":{"line":295,"column":8},"end":{"line":303,"column":11}},"68":{"start":{"line":300,"column":56},"end":{"line":300,"column":68}},"69":{"start":{"line":305,"column":8},"end":{"line":305,"column":19}},"70":{"start":{"line":313,"column":30},"end":{"line":347,"column":1}},"71":{"start":{"line":314,"column":4},"end":{"line":346,"column":5}},"72":{"start":{"line":315,"column":31},"end":{"line":315,"column":41}},"73":{"start":{"line":317,"column":8},"end":{"line":323,"column":9}},"74":{"start":{"line":318,"column":12},"end":{"line":322,"column":15}},"75":{"start":{"line":325,"column":28},"end":{"line":328,"column":29}},"76":{"start":{"line":330,"column":8},"end":{"line":336,"column":9}},"77":{"start":{"line":331,"column":12},"end":{"line":335,"column":15}},"78":{"start":{"line":338,"column":8},"end":{"line":342,"column":11}},"79":{"start":{"line":345,"column":8},"end":{"line":345,"column":19}}},"fnMap":{"0":{"name":"(anonymous_0)","decl":{"start":{"line":13,"column":34},"end":{"line":13,"column":35}},"loc":{"start":{"line":13,"column":60},"end":{"line":66,"column":1}},"line":13},"1":{"name":"(anonymous_1)","decl":{"start":{"line":48,"column":29},"end":{"line":48,"column":30}},"loc":{"start":{"line":48,"column":38},"end":{"line":54,"column":13}},"line":48},"2":{"name":"(anonymous_2)","decl":{"start":{"line":71,"column":28},"end":{"line":71,"column":29}},"loc":{"start":{"line":71,"column":54},"end":{"line":123,"column":1}},"line":71},"3":{"name":"(anonymous_3)","decl":{"start":{"line":129,"column":31},"end":{"line":129,"column":32}},"loc":{"start":{"line":129,"column":57},"end":{"line":172,"column":1}},"line":129},"4":{"name":"(anonymous_4)","decl":{"start":{"line":177,"column":20},"end":{"line":177,"column":21}},"loc":{"start":{"line":177,"column":46},"end":{"line":256,"column":1}},"line":177},"5":{"name":"(anonymous_5)","decl":{"start":{"line":205,"column":48},"end":{"line":205,"column":49}},"loc":{"start":{"line":205,"column":53},"end":{"line":205,"column":65}},"line":205},"6":{"name":"(anonymous_6)","decl":{"start":{"line":262,"column":30},"end":{"line":262,"column":31}},"loc":{"start":{"line":262,"column":56},"end":{"line":307,"column":1}},"line":262},"7":{"name":"(anonymous_7)","decl":{"start":{"line":290,"column":43},"end":{"line":290,"column":44}},"loc":{"start":{"line":290,"column":48},"end":{"line":290,"column":57}},"line":290},"8":{"name":"(anonymous_8)","decl":{"start":{"line":300,"column":51},"end":{"line":300,"column":52}},"loc":{"start":{"line":300,"column":56},"end":{"line":300,"column":68}},"line":300},"9":{"name":"(anonymous_9)","decl":{"start":{"line":313,"column":30},"end":{"line":313,"column":31}},"loc":{"start":{"line":313,"column":56},"end":{"line":347,"column":1}},"line":313}},"branchMap":{"0":{"loc":{"start":{"line":15,"column":28},"end":{"line":15,"column":38}},"type":"default-arg","locations":[{"start":{"line":15,"column":36},"end":{"line":15,"column":38}}],"line":15},"1":{"loc":{"start":{"line":17,"column":8},"end":{"line":23,"column":9}},"type":"if","locations":[{"start":{"line":17,"column":8},"end":{"line":23,"column":9}},{"start":{},"end":{}}],"line":17},"2":{"loc":{"start":{"line":30,"column":8},"end":{"line":36,"column":9}},"type":"if","locations":[{"start":{"line":30,"column":8},"end":{"line":36,"column":9}},{"start":{},"end":{}}],"line":30},"3":{"loc":{"start":{"line":73,"column":28},"end":{"line":73,"column":44}},"type":"default-arg","locations":[{"start":{"line":73,"column":43},"end":{"line":73,"column":44}}],"line":73},"4":{"loc":{"start":{"line":75,"column":8},"end":{"line":81,"column":9}},"type":"if","locations":[{"start":{"line":75,"column":8},"end":{"line":81,"column":9}},{"start":{},"end":{}}],"line":75},"5":{"loc":{"start":{"line":89,"column":8},"end":{"line":95,"column":9}},"type":"if","locations":[{"start":{"line":89,"column":8},"end":{"line":95,"column":9}},{"start":{},"end":{}}],"line":89},"6":{"loc":{"start":{"line":107,"column":19},"end":{"line":107,"column":54}},"type":"binary-expr","locations":[{"start":{"line":107,"column":19},"end":{"line":107,"column":24}},{"start":{"line":107,"column":28},"end":{"line":107,"column":54}}],"line":107},"7":{"loc":{"start":{"line":133,"column":8},"end":{"line":139,"column":9}},"type":"if","locations":[{"start":{"line":133,"column":8},"end":{"line":139,"column":9}},{"start":{},"end":{}}],"line":133},"8":{"loc":{"start":{"line":147,"column":8},"end":{"line":153,"column":9}},"type":"if","locations":[{"start":{"line":147,"column":8},"end":{"line":153,"column":9}},{"start":{},"end":{}}],"line":147},"9":{"loc":{"start":{"line":181,"column":8},"end":{"line":187,"column":9}},"type":"if","locations":[{"start":{"line":181,"column":8},"end":{"line":187,"column":9}},{"start":{},"end":{}}],"line":181},"10":{"loc":{"start":{"line":181,"column":12},"end":{"line":181,"column":36}},"type":"binary-expr","locations":[{"start":{"line":181,"column":12},"end":{"line":181,"column":23}},{"start":{"line":181,"column":27},"end":{"line":181,"column":36}}],"line":181},"11":{"loc":{"start":{"line":195,"column":8},"end":{"line":201,"column":9}},"type":"if","locations":[{"start":{"line":195,"column":8},"end":{"line":201,"column":9}},{"start":{},"end":{}}],"line":195},"12":{"loc":{"start":{"line":213,"column":8},"end":{"line":219,"column":9}},"type":"if","locations":[{"start":{"line":213,"column":8},"end":{"line":219,"column":9}},{"start":{},"end":{}}],"line":213},"13":{"loc":{"start":{"line":266,"column":8},"end":{"line":272,"column":9}},"type":"if","locations":[{"start":{"line":266,"column":8},"end":{"line":272,"column":9}},{"start":{},"end":{}}],"line":266},"14":{"loc":{"start":{"line":266,"column":12},"end":{"line":266,"column":35}},"type":"binary-expr","locations":[{"start":{"line":266,"column":12},"end":{"line":266,"column":23}},{"start":{"line":266,"column":27},"end":{"line":266,"column":35}}],"line":266},"15":{"loc":{"start":{"line":280,"column":8},"end":{"line":286,"column":9}},"type":"if","locations":[{"start":{"line":280,"column":8},"end":{"line":286,"column":9}},{"start":{},"end":{}}],"line":280},"16":{"loc":{"start":{"line":317,"column":8},"end":{"line":323,"column":9}},"type":"if","locations":[{"start":{"line":317,"column":8},"end":{"line":323,"column":9}},{"start":{},"end":{}}],"line":317},"17":{"loc":{"start":{"line":330,"column":8},"end":{"line":336,"column":9}},"type":"if","locations":[{"start":{"line":330,"column":8},"end":{"line":336,"column":9}},{"start":{},"end":{}}],"line":330}},"s":{"0":1,"1":1,"2":1,"3":1,"4":1,"5":0,"6":0,"7":0,"8":0,"9":0,"10":0,"11":0,"12":0,"13":1,"14":1,"15":1,"16":1,"17":1,"18":0,"19":0,"20":0,"21":0,"22":0,"23":0,"24":0,"25":1,"26":1,"27":1,"28":1,"29":1,"30":0,"31":0,"32":0,"33":0,"34":0,"35":0,"36":1,"37":1,"38":1,"39":1,"40":1,"41":0,"42":0,"43":0,"44":0,"45":0,"46":0,"47":0,"48":0,"49":0,"50":0,"51":0,"52":0,"53":0,"54":0,"55":1,"56":1,"57":1,"58":1,"59":1,"60":0,"61":0,"62":0,"63":0,"64":0,"65":0,"66":0,"67":0,"68":0,"69":0,"70":1,"71":1,"72":1,"73":0,"74":0,"75":0,"76":0,"77":0,"78":0,"79":1},"f":{"0":1,"1":0,"2":1,"3":1,"4":1,"5":0,"6":1,"7":0,"8":0,"9":1},"b":{"0":[1],"1":[1,0],"2":[0,0],"3":[1],"4":[1,0],"5":[0,0],"6":[0,0],"7":[1,0],"8":[0,0],"9":[1,0],"10":[1,0],"11":[0,0],"12":[0,0],"13":[1,0],"14":[1,0],"15":[0,0],"16":[0,0],"17":[0,0]},"_coverageSchema":"1a1c01bbd47fc00a2c39e90264f33305004495a9","hash":"487cc24baaaaa410fb93b59cd6c71d0ab895370b"}
,"/Users/omar/Intellica/backend/controllers/authController.js": {"path":"/Users/omar/Intellica/backend/controllers/authController.js","statementMap":{"0":{"start":{"line":5,"column":22},"end":{"line":9,"column":1}},"1":{"start":{"line":6,"column":4},"end":{"line":8,"column":7}},"2":{"start":{"line":14,"column":24},"end":{"line":58,"column":1}},"3":{"start":{"line":15,"column":4},"end":{"line":57,"column":5}},"4":{"start":{"line":16,"column":46},"end":{"line":16,"column":54}},"5":{"start":{"line":19,"column":27},"end":{"line":19,"column":67}},"6":{"start":{"line":21,"column":8},"end":{"line":30,"column":9}},"7":{"start":{"line":22,"column":12},"end":{"line":29,"column":15}},"8":{"start":{"line":32,"column":21},"end":{"line":36,"column":10}},"9":{"start":{"line":39,"column":22},"end":{"line":39,"column":45}},"10":{"start":{"line":40,"column":8},"end":{"line":53,"column":11}},"11":{"start":{"line":56,"column":8},"end":{"line":56,"column":20}},"12":{"start":{"line":63,"column":21},"end":{"line":115,"column":1}},"13":{"start":{"line":64,"column":4},"end":{"line":114,"column":5}},"14":{"start":{"line":65,"column":36},"end":{"line":65,"column":44}},"15":{"start":{"line":68,"column":8},"end":{"line":74,"column":9}},"16":{"start":{"line":69,"column":12},"end":{"line":73,"column":15}},"17":{"start":{"line":76,"column":21},"end":{"line":76,"column":70}},"18":{"start":{"line":78,"column":8},"end":{"line":84,"column":9}},"19":{"start":{"line":79,"column":12},"end":{"line":83,"column":15}},"20":{"start":{"line":87,"column":24},"end":{"line":87,"column":58}},"21":{"start":{"line":89,"column":8},"end":{"line":95,"column":9}},"22":{"start":{"line":90,"column":12},"end":{"line":94,"column":15}},"23":{"start":{"line":97,"column":22},"end":{"line":97,"column":45}},"24":{"start":{"line":99,"column":8},"end":{"line":109,"column":11}},"25":{"start":{"line":113,"column":8},"end":{"line":113,"column":20}},"26":{"start":{"line":121,"column":26},"end":{"line":140,"column":1}},"27":{"start":{"line":122,"column":4},"end":{"line":139,"column":5}},"28":{"start":{"line":123,"column":21},"end":{"line":123,"column":54}},"29":{"start":{"line":125,"column":8},"end":{"line":135,"column":11}},"30":{"start":{"line":138,"column":8},"end":{"line":138,"column":20}},"31":{"start":{"line":146,"column":29},"end":{"line":172,"column":1}},"32":{"start":{"line":147,"column":4},"end":{"line":171,"column":5}},"33":{"start":{"line":148,"column":50},"end":{"line":148,"column":58}},"34":{"start":{"line":150,"column":21},"end":{"line":150,"column":54}},"35":{"start":{"line":152,"column":8},"end":{"line":152,"column":47}},"36":{"start":{"line":152,"column":22},"end":{"line":152,"column":47}},"37":{"start":{"line":153,"column":8},"end":{"line":153,"column":38}},"38":{"start":{"line":153,"column":19},"end":{"line":153,"column":38}},"39":{"start":{"line":154,"column":8},"end":{"line":154,"column":59}},"40":{"start":{"line":154,"column":26},"end":{"line":154,"column":59}},"41":{"start":{"line":156,"column":8},"end":{"line":156,"column":26}},"42":{"start":{"line":158,"column":8},"end":{"line":167,"column":11}},"43":{"start":{"line":170,"column":8},"end":{"line":170,"column":20}},"44":{"start":{"line":178,"column":30},"end":{"line":224,"column":1}},"45":{"start":{"line":179,"column":4},"end":{"line":223,"column":5}},"46":{"start":{"line":180,"column":49},"end":{"line":180,"column":57}},"47":{"start":{"line":182,"column":8},"end":{"line":188,"column":9}},"48":{"start":{"line":183,"column":12},"end":{"line":187,"column":15}},"49":{"start":{"line":190,"column":21},"end":{"line":190,"column":74}},"50":{"start":{"line":193,"column":24},"end":{"line":193,"column":65}},"51":{"start":{"line":195,"column":8},"end":{"line":201,"column":9}},"52":{"start":{"line":196,"column":12},"end":{"line":200,"column":15}},"53":{"start":{"line":202,"column":30},"end":{"line":202,"column":111}},"54":{"start":{"line":204,"column":8},"end":{"line":210,"column":9}},"55":{"start":{"line":205,"column":12},"end":{"line":209,"column":15}},"56":{"start":{"line":213,"column":8},"end":{"line":213,"column":36}},"57":{"start":{"line":214,"column":8},"end":{"line":214,"column":26}},"58":{"start":{"line":216,"column":8},"end":{"line":219,"column":11}},"59":{"start":{"line":222,"column":8},"end":{"line":222,"column":20}}},"fnMap":{"0":{"name":"(anonymous_0)","decl":{"start":{"line":5,"column":22},"end":{"line":5,"column":23}},"loc":{"start":{"line":5,"column":30},"end":{"line":9,"column":1}},"line":5},"1":{"name":"(anonymous_1)","decl":{"start":{"line":14,"column":24},"end":{"line":14,"column":25}},"loc":{"start":{"line":14,"column":50},"end":{"line":58,"column":1}},"line":14},"2":{"name":"(anonymous_2)","decl":{"start":{"line":63,"column":21},"end":{"line":63,"column":22}},"loc":{"start":{"line":63,"column":47},"end":{"line":115,"column":1}},"line":63},"3":{"name":"(anonymous_3)","decl":{"start":{"line":121,"column":26},"end":{"line":121,"column":27}},"loc":{"start":{"line":121,"column":52},"end":{"line":140,"column":1}},"line":121},"4":{"name":"(anonymous_4)","decl":{"start":{"line":146,"column":29},"end":{"line":146,"column":30}},"loc":{"start":{"line":146,"column":55},"end":{"line":172,"column":1}},"line":146},"5":{"name":"(anonymous_5)","decl":{"start":{"line":178,"column":30},"end":{"line":178,"column":31}},"loc":{"start":{"line":178,"column":56},"end":{"line":224,"column":1}},"line":178}},"branchMap":{"0":{"loc":{"start":{"line":7,"column":19},"end":{"line":7,"column":53}},"type":"binary-expr","locations":[{"start":{"line":7,"column":19},"end":{"line":7,"column":45}},{"start":{"line":7,"column":49},"end":{"line":7,"column":53}}],"line":7},"1":{"loc":{"start":{"line":21,"column":8},"end":{"line":30,"column":9}},"type":"if","locations":[{"start":{"line":21,"column":8},"end":{"line":30,"column":9}},{"start":{},"end":{}}],"line":21},"2":{"loc":{"start":{"line":25,"column":20},"end":{"line":27,"column":51}},"type":"cond-expr","locations":[{"start":{"line":26,"column":26},"end":{"line":26,"column":48}},{"start":{"line":27,"column":26},"end":{"line":27,"column":51}}],"line":25},"3":{"loc":{"start":{"line":68,"column":8},"end":{"line":74,"column":9}},"type":"if","locations":[{"start":{"line":68,"column":8},"end":{"line":74,"column":9}},{"start":{},"end":{}}],"line":68},"4":{"loc":{"start":{"line":68,"column":12},"end":{"line":68,"column":31}},"type":"binary-expr","locations":[{"start":{"line":68,"column":12},"end":{"line":68,"column":18}},{"start":{"line":68,"column":22},"end":{"line":68,"column":31}}],"line":68},"5":{"loc":{"start":{"line":78,"column":8},"end":{"line":84,"column":9}},"type":"if","locations":[{"start":{"line":78,"column":8},"end":{"line":84,"column":9}},{"start":{},"end":{}}],"line":78},"6":{"loc":{"start":{"line":78,"column":12},"end":{"line":78,"column":58}},"type":"binary-expr","locations":[{"start":{"line":78,"column":12},"end":{"line":78,"column":17}},{"start":{"line":78,"column":21},"end":{"line":78,"column":58}}],"line":78},"7":{"loc":{"start":{"line":89,"column":8},"end":{"line":95,"column":9}},"type":"if","locations":[{"start":{"line":89,"column":8},"end":{"line":95,"column":9}},{"start":{},"end":{}}],"line":89},"8":{"loc":{"start":{"line":152,"column":8},"end":{"line":152,"column":47}},"type":"if","locations":[{"start":{"line":152,"column":8},"end":{"line":152,"column":47}},{"start":{},"end":{}}],"line":152},"9":{"loc":{"start":{"line":153,"column":8},"end":{"line":153,"column":38}},"type":"if","locations":[{"start":{"line":153,"column":8},"end":{"line":153,"column":38}},{"start":{},"end":{}}],"line":153},"10":{"loc":{"start":{"line":154,"column":8},"end":{"line":154,"column":59}},"type":"if","locations":[{"start":{"line":154,"column":8},"end":{"line":154,"column":59}},{"start":{},"end":{}}],"line":154},"11":{"loc":{"start":{"line":182,"column":8},"end":{"line":188,"column":9}},"type":"if","locations":[{"start":{"line":182,"column":8},"end":{"line":188,"column":9}},{"start":{},"end":{}}],"line":182},"12":{"loc":{"start":{"line":182,"column":12},"end":{"line":182,"column":44}},"type":"binary-expr","locations":[{"start":{"line":182,"column":12},"end":{"line":182,"column":28}},{"start":{"line":182,"column":32},"end":{"line":182,"column":44}}],"line":182},"13":{"loc":{"start":{"line":195,"column":8},"end":{"line":201,"column":9}},"type":"if","locations":[{"start":{"line":195,"column":8},"end":{"line":201,"column":9}},{"start":{},"end":{}}],"line":195},"14":{"loc":{"start":{"line":204,"column":8},"end":{"line":210,"column":9}},"type":"if","locations":[{"start":{"line":204,"column":8},"end":{"line":210,"column":9}},{"start":{},"end":{}}],"line":204}},"s":{"0":2,"1":1,"2":2,"3":2,"4":2,"5":2,"6":2,"7":1,"8":1,"9":1,"10":1,"11":0,"12":2,"13":0,"14":0,"15":0,"16":0,"17":0,"18":0,"19":0,"20":0,"21":0,"22":0,"23":0,"24":0,"25":0,"26":2,"27":0,"28":0,"29":0,"30":0,"31":2,"32":0,"33":0,"34":0,"35":0,"36":0,"37":0,"38":0,"39":0,"40":0,"41":0,"42":0,"43":0,"44":2,"45":0,"46":0,"47":0,"48":0,"49":0,"50":0,"51":0,"52":0,"53":0,"54":0,"55":0,"56":0,"57":0,"58":0,"59":0},"f":{"0":1,"1":2,"2":0,"3":0,"4":0,"5":0},"b":{"0":[1,0],"1":[1,1],"2":[1,0],"3":[0,0],"4":[0,0],"5":[0,0],"6":[0,0],"7":[0,0],"8":[0,0],"9":[0,0],"10":[0,0],"11":[0,0],"12":[0,0],"13":[0,0],"14":[0,0]},"_coverageSchema":"1a1c01bbd47fc00a2c39e90264f33305004495a9","hash":"2f753e0e20d9338ebc45e581180d2a13423b7c11"}
,"/Users/omar/Intellica/backend/controllers/documentController.js": {"path":"/Users/omar/Intellica/backend/controllers/documentController.js","statementMap":{"0":{"start":{"line":13,"column":30},"end":{"line":67,"column":1}},"1":{"start":{"line":14,"column":4},"end":{"line":66,"column":5}},"2":{"start":{"line":15,"column":8},"end":{"line":21,"column":9}},"3":{"start":{"line":16,"column":12},"end":{"line":20,"column":15}},"4":{"start":{"line":23,"column":24},"end":{"line":23,"column":32}},"5":{"start":{"line":25,"column":8},"end":{"line":33,"column":9}},"6":{"start":{"line":27,"column":12},"end":{"line":27,"column":43}},"7":{"start":{"line":28,"column":12},"end":{"line":32,"column":15}},"8":{"start":{"line":36,"column":24},"end":{"line":36,"column":70}},"9":{"start":{"line":37,"column":24},"end":{"line":37,"column":75}},"10":{"start":{"line":40,"column":25},"end":{"line":47,"column":10}},"11":{"start":{"line":50,"column":8},"end":{"line":52,"column":11}},"12":{"start":{"line":51,"column":12},"end":{"line":51,"column":56}},"13":{"start":{"line":54,"column":8},"end":{"line":58,"column":11}},"14":{"start":{"line":62,"column":8},"end":{"line":64,"column":9}},"15":{"start":{"line":63,"column":12},"end":{"line":63,"column":59}},"16":{"start":{"line":65,"column":8},"end":{"line":65,"column":20}},"17":{"start":{"line":71,"column":19},"end":{"line":93,"column":1}},"18":{"start":{"line":72,"column":4},"end":{"line":92,"column":5}},"19":{"start":{"line":73,"column":23},"end":{"line":73,"column":57}},"20":{"start":{"line":76,"column":23},"end":{"line":76,"column":47}},"21":{"start":{"line":79,"column":8},"end":{"line":83,"column":11}},"22":{"start":{"line":85,"column":8},"end":{"line":85,"column":70}},"23":{"start":{"line":87,"column":8},"end":{"line":87,"column":71}},"24":{"start":{"line":89,"column":8},"end":{"line":91,"column":11}},"25":{"start":{"line":102,"column":28},"end":{"line":151,"column":1}},"26":{"start":{"line":103,"column":4},"end":{"line":150,"column":5}},"27":{"start":{"line":104,"column":26},"end":{"line":141,"column":10}},"28":{"start":{"line":143,"column":8},"end":{"line":147,"column":11}},"29":{"start":{"line":149,"column":8},"end":{"line":149,"column":20}},"30":{"start":{"line":159,"column":27},"end":{"line":194,"column":1}},"31":{"start":{"line":160,"column":4},"end":{"line":193,"column":5}},"32":{"start":{"line":161,"column":25},"end":{"line":164,"column":10}},"33":{"start":{"line":166,"column":8},"end":{"line":172,"column":9}},"34":{"start":{"line":167,"column":12},"end":{"line":171,"column":15}},"35":{"start":{"line":175,"column":31},"end":{"line":175,"column":113}},"36":{"start":{"line":176,"column":26},"end":{"line":176,"column":103}},"37":{"start":{"line":179,"column":8},"end":{"line":179,"column":43}},"38":{"start":{"line":180,"column":8},"end":{"line":180,"column":30}},"39":{"start":{"line":183,"column":29},"end":{"line":183,"column":48}},"40":{"start":{"line":184,"column":8},"end":{"line":184,"column":53}},"41":{"start":{"line":185,"column":8},"end":{"line":185,"column":43}},"42":{"start":{"line":187,"column":8},"end":{"line":190,"column":11}},"43":{"start":{"line":192,"column":8},"end":{"line":192,"column":20}},"44":{"start":{"line":201,"column":30},"end":{"line":229,"column":1}},"45":{"start":{"line":202,"column":4},"end":{"line":228,"column":5}},"46":{"start":{"line":203,"column":25},"end":{"line":206,"column":10}},"47":{"start":{"line":208,"column":8},"end":{"line":214,"column":9}},"48":{"start":{"line":209,"column":12},"end":{"line":213,"column":15}},"49":{"start":{"line":217,"column":8},"end":{"line":217,"column":59}},"50":{"start":{"line":220,"column":8},"end":{"line":220,"column":35}},"51":{"start":{"line":222,"column":8},"end":{"line":225,"column":11}},"52":{"start":{"line":227,"column":8},"end":{"line":227,"column":20}}},"fnMap":{"0":{"name":"(anonymous_0)","decl":{"start":{"line":13,"column":30},"end":{"line":13,"column":31}},"loc":{"start":{"line":13,"column":56},"end":{"line":67,"column":1}},"line":13},"1":{"name":"(anonymous_1)","decl":{"start":{"line":50,"column":54},"end":{"line":50,"column":55}},"loc":{"start":{"line":50,"column":61},"end":{"line":52,"column":9}},"line":50},"2":{"name":"(anonymous_2)","decl":{"start":{"line":63,"column":49},"end":{"line":63,"column":50}},"loc":{"start":{"line":63,"column":55},"end":{"line":63,"column":57}},"line":63},"3":{"name":"(anonymous_3)","decl":{"start":{"line":71,"column":19},"end":{"line":71,"column":20}},"loc":{"start":{"line":71,"column":51},"end":{"line":93,"column":1}},"line":71},"4":{"name":"(anonymous_4)","decl":{"start":{"line":102,"column":28},"end":{"line":102,"column":29}},"loc":{"start":{"line":102,"column":54},"end":{"line":151,"column":1}},"line":102},"5":{"name":"(anonymous_5)","decl":{"start":{"line":159,"column":27},"end":{"line":159,"column":28}},"loc":{"start":{"line":159,"column":53},"end":{"line":194,"column":1}},"line":159},"6":{"name":"(anonymous_6)","decl":{"start":{"line":201,"column":30},"end":{"line":201,"column":31}},"loc":{"start":{"line":201,"column":56},"end":{"line":229,"column":1}},"line":201},"7":{"name":"(anonymous_7)","decl":{"start":{"line":217,"column":49},"end":{"line":217,"column":50}},"loc":{"start":{"line":217,"column":55},"end":{"line":217,"column":57}},"line":217}},"branchMap":{"0":{"loc":{"start":{"line":15,"column":8},"end":{"line":21,"column":9}},"type":"if","locations":[{"start":{"line":15,"column":8},"end":{"line":21,"column":9}},{"start":{},"end":{}}],"line":15},"1":{"loc":{"start":{"line":25,"column":8},"end":{"line":33,"column":9}},"type":"if","locations":[{"start":{"line":25,"column":8},"end":{"line":33,"column":9}},{"start":{},"end":{}}],"line":25},"2":{"loc":{"start":{"line":36,"column":44},"end":{"line":36,"column":68}},"type":"binary-expr","locations":[{"start":{"line":36,"column":44},"end":{"line":36,"column":60}},{"start":{"line":36,"column":64},"end":{"line":36,"column":68}}],"line":36},"3":{"loc":{"start":{"line":62,"column":8},"end":{"line":64,"column":9}},"type":"if","locations":[{"start":{"line":62,"column":8},"end":{"line":64,"column":9}},{"start":{},"end":{}}],"line":62},"4":{"loc":{"start":{"line":166,"column":8},"end":{"line":172,"column":9}},"type":"if","locations":[{"start":{"line":166,"column":8},"end":{"line":172,"column":9}},{"start":{},"end":{}}],"line":166},"5":{"loc":{"start":{"line":208,"column":8},"end":{"line":214,"column":9}},"type":"if","locations":[{"start":{"line":208,"column":8},"end":{"line":214,"column":9}},{"start":{},"end":{}}],"line":208}},"s":{"0":1,"1":0,"2":0,"3":0,"4":0,"5":0,"6":0,"7":0,"8":0,"9":0,"10":0,"11":0,"12":0,"13":0,"14":0,"15":0,"16":0,"17":1,"18":0,"19":0,"20":0,"21":0,"22":0,"23":0,"24":0,"25":1,"26":1,"27":1,"28":1,"29":0,"30":1,"31":0,"32":0,"33":0,"34":0,"35":0,"36":0,"37":0,"38":0,"39":0,"40":0,"41":0,"42":0,"43":0,"44":1,"45":0,"46":0,"47":0,"48":0,"49":0,"50":0,"51":0,"52":0},"f":{"0":0,"1":0,"2":0,"3":0,"4":1,"5":0,"6":0,"7":0},"b":{"0":[0,0],"1":[0,0],"2":[0,0],"3":[0,0],"4":[0,0],"5":[0,0]},"_coverageSchema":"1a1c01bbd47fc00a2c39e90264f33305004495a9","hash":"ab7d441c98f46d9e23125276e54900cbc9405b60"}
,"/Users/omar/Intellica/backend/controllers/flashcardController.js": {"path":"/Users/omar/Intellica/backend/controllers/flashcardController.js","statementMap":{"0":{"start":{"line":7,"column":29},"end":{"line":24,"column":1}},"1":{"start":{"line":8,"column":4},"end":{"line":23,"column":5}},"2":{"start":{"line":9,"column":27},"end":{"line":14,"column":34}},"3":{"start":{"line":16,"column":8},"end":{"line":20,"column":11}},"4":{"start":{"line":22,"column":8},"end":{"line":22,"column":20}},"5":{"start":{"line":30,"column":36},"end":{"line":44,"column":1}},"6":{"start":{"line":31,"column":4},"end":{"line":43,"column":5}},"7":{"start":{"line":32,"column":30},"end":{"line":34,"column":34}},"8":{"start":{"line":36,"column":8},"end":{"line":40,"column":11}},"9":{"start":{"line":42,"column":8},"end":{"line":42,"column":20}},"10":{"start":{"line":49,"column":31},"end":{"line":88,"column":1}},"11":{"start":{"line":50,"column":4},"end":{"line":87,"column":5}},"12":{"start":{"line":51,"column":29},"end":{"line":54,"column":10}},"13":{"start":{"line":56,"column":8},"end":{"line":62,"column":9}},"14":{"start":{"line":57,"column":12},"end":{"line":61,"column":15}},"15":{"start":{"line":64,"column":26},"end":{"line":64,"column":105}},"16":{"start":{"line":64,"column":63},"end":{"line":64,"column":104}},"17":{"start":{"line":66,"column":8},"end":{"line":72,"column":9}},"18":{"start":{"line":67,"column":12},"end":{"line":71,"column":15}},"19":{"start":{"line":75,"column":8},"end":{"line":75,"column":64}},"20":{"start":{"line":76,"column":8},"end":{"line":76,"column":55}},"21":{"start":{"line":78,"column":8},"end":{"line":78,"column":34}},"22":{"start":{"line":80,"column":8},"end":{"line":84,"column":11}},"23":{"start":{"line":86,"column":8},"end":{"line":86,"column":20}},"24":{"start":{"line":94,"column":35},"end":{"line":132,"column":1}},"25":{"start":{"line":95,"column":4},"end":{"line":131,"column":5}},"26":{"start":{"line":96,"column":29},"end":{"line":99,"column":10}},"27":{"start":{"line":101,"column":8},"end":{"line":107,"column":9}},"28":{"start":{"line":102,"column":12},"end":{"line":106,"column":15}},"29":{"start":{"line":108,"column":26},"end":{"line":108,"column":105}},"30":{"start":{"line":108,"column":63},"end":{"line":108,"column":104}},"31":{"start":{"line":110,"column":8},"end":{"line":116,"column":9}},"32":{"start":{"line":111,"column":12},"end":{"line":115,"column":15}},"33":{"start":{"line":119,"column":8},"end":{"line":119,"column":91}},"34":{"start":{"line":121,"column":8},"end":{"line":121,"column":34}},"35":{"start":{"line":123,"column":8},"end":{"line":127,"column":11}},"36":{"start":{"line":130,"column":8},"end":{"line":130,"column":20}},"37":{"start":{"line":138,"column":34},"end":{"line":164,"column":1}},"38":{"start":{"line":139,"column":4},"end":{"line":163,"column":5}},"39":{"start":{"line":140,"column":29},"end":{"line":143,"column":10}},"40":{"start":{"line":145,"column":8},"end":{"line":151,"column":9}},"41":{"start":{"line":146,"column":12},"end":{"line":150,"column":15}},"42":{"start":{"line":153,"column":8},"end":{"line":153,"column":39}},"43":{"start":{"line":155,"column":8},"end":{"line":158,"column":11}},"44":{"start":{"line":162,"column":8},"end":{"line":162,"column":20}}},"fnMap":{"0":{"name":"(anonymous_0)","decl":{"start":{"line":7,"column":29},"end":{"line":7,"column":30}},"loc":{"start":{"line":7,"column":55},"end":{"line":24,"column":1}},"line":7},"1":{"name":"(anonymous_1)","decl":{"start":{"line":30,"column":36},"end":{"line":30,"column":37}},"loc":{"start":{"line":30,"column":62},"end":{"line":44,"column":1}},"line":30},"2":{"name":"(anonymous_2)","decl":{"start":{"line":49,"column":31},"end":{"line":49,"column":32}},"loc":{"start":{"line":49,"column":57},"end":{"line":88,"column":1}},"line":49},"3":{"name":"(anonymous_3)","decl":{"start":{"line":64,"column":55},"end":{"line":64,"column":56}},"loc":{"start":{"line":64,"column":63},"end":{"line":64,"column":104}},"line":64},"4":{"name":"(anonymous_4)","decl":{"start":{"line":94,"column":35},"end":{"line":94,"column":36}},"loc":{"start":{"line":94,"column":61},"end":{"line":132,"column":1}},"line":94},"5":{"name":"(anonymous_5)","decl":{"start":{"line":108,"column":55},"end":{"line":108,"column":56}},"loc":{"start":{"line":108,"column":63},"end":{"line":108,"column":104}},"line":108},"6":{"name":"(anonymous_6)","decl":{"start":{"line":138,"column":34},"end":{"line":138,"column":35}},"loc":{"start":{"line":138,"column":60},"end":{"line":164,"column":1}},"line":138}},"branchMap":{"0":{"loc":{"start":{"line":56,"column":8},"end":{"line":62,"column":9}},"type":"if","locations":[{"start":{"line":56,"column":8},"end":{"line":62,"column":9}},{"start":{},"end":{}}],"line":56},"1":{"loc":{"start":{"line":66,"column":8},"end":{"line":72,"column":9}},"type":"if","locations":[{"start":{"line":66,"column":8},"end":{"line":72,"column":9}},{"start":{},"end":{}}],"line":66},"2":{"loc":{"start":{"line":101,"column":8},"end":{"line":107,"column":9}},"type":"if","locations":[{"start":{"line":101,"column":8},"end":{"line":107,"column":9}},{"start":{},"end":{}}],"line":101},"3":{"loc":{"start":{"line":110,"column":8},"end":{"line":116,"column":9}},"type":"if","locations":[{"start":{"line":110,"column":8},"end":{"line":116,"column":9}},{"start":{},"end":{}}],"line":110},"4":{"loc":{"start":{"line":126,"column":34},"end":{"line":126,"column":99}},"type":"cond-expr","locations":[{"start":{"line":126,"column":76},"end":{"line":126,"column":85}},{"start":{"line":126,"column":88},"end":{"line":126,"column":99}}],"line":126},"5":{"loc":{"start":{"line":145,"column":8},"end":{"line":151,"column":9}},"type":"if","locations":[{"start":{"line":145,"column":8},"end":{"line":151,"column":9}},{"start":{},"end":{}}],"line":145}},"s":{"0":1,"1":1,"2":1,"3":1,"4":0,"5":1,"6":0,"7":0,"8":0,"9":0,"10":1,"11":0,"12":0,"13":0,"14":0,"15":0,"16":0,"17":0,"18":0,"19":0,"20":0,"21":0,"22":0,"23":0,"24":1,"25":0,"26":0,"27":0,"28":0,"29":0,"30":0,"31":0,"32":0,"33":0,"34":0,"35":0,"36":0,"37":1,"38":0,"39":0,"40":0,"41":0,"42":0,"43":0,"44":0},"f":{"0":1,"1":0,"2":0,"3":0,"4":0,"5":0,"6":0},"b":{"0":[0,0],"1":[0,0],"2":[0,0],"3":[0,0],"4":[0,0],"5":[0,0]},"_coverageSchema":"1a1c01bbd47fc00a2c39e90264f33305004495a9","hash":"9017047143a6f6a849f03d731e8a2a9440dc8def"}
,"/Users/omar/Intellica/backend/controllers/progressController.js": {"path":"/Users/omar/Intellica/backend/controllers/progressController.js","statementMap":{"0":{"start":{"line":8,"column":28},"end":{"line":74,"column":1}},"1":{"start":{"line":9,"column":4},"end":{"line":73,"column":5}},"2":{"start":{"line":10,"column":23},"end":{"line":10,"column":35}},"3":{"start":{"line":13,"column":31},"end":{"line":13,"column":70}},"4":{"start":{"line":14,"column":35},"end":{"line":14,"column":75}},"5":{"start":{"line":15,"column":29},"end":{"line":15,"column":64}},"6":{"start":{"line":16,"column":33},"end":{"line":16,"column":94}},"7":{"start":{"line":19,"column":30},"end":{"line":19,"column":60}},"8":{"start":{"line":20,"column":30},"end":{"line":20,"column":31}},"9":{"start":{"line":21,"column":33},"end":{"line":21,"column":34}},"10":{"start":{"line":22,"column":32},"end":{"line":22,"column":33}},"11":{"start":{"line":24,"column":8},"end":{"line":28,"column":10}},"12":{"start":{"line":25,"column":12},"end":{"line":25,"column":48}},"13":{"start":{"line":26,"column":12},"end":{"line":26,"column":82}},"14":{"start":{"line":26,"column":56},"end":{"line":26,"column":73}},"15":{"start":{"line":27,"column":12},"end":{"line":27,"column":75}},"16":{"start":{"line":27,"column":55},"end":{"line":27,"column":66}},"17":{"start":{"line":31,"column":24},"end":{"line":31,"column":75}},"18":{"start":{"line":32,"column":29},"end":{"line":34,"column":15}},"19":{"start":{"line":33,"column":52},"end":{"line":33,"column":65}},"20":{"start":{"line":37,"column":32},"end":{"line":40,"column":57}},"21":{"start":{"line":42,"column":30},"end":{"line":46,"column":61}},"22":{"start":{"line":49,"column":28},"end":{"line":49,"column":60}},"23":{"start":{"line":51,"column":8},"end":{"line":70,"column":11}},"24":{"start":{"line":72,"column":8},"end":{"line":72,"column":20}}},"fnMap":{"0":{"name":"(anonymous_0)","decl":{"start":{"line":8,"column":28},"end":{"line":8,"column":29}},"loc":{"start":{"line":8,"column":54},"end":{"line":74,"column":1}},"line":8},"1":{"name":"(anonymous_1)","decl":{"start":{"line":24,"column":30},"end":{"line":24,"column":31}},"loc":{"start":{"line":24,"column":37},"end":{"line":28,"column":9}},"line":24},"2":{"name":"(anonymous_2)","decl":{"start":{"line":26,"column":51},"end":{"line":26,"column":52}},"loc":{"start":{"line":26,"column":56},"end":{"line":26,"column":73}},"line":26},"3":{"name":"(anonymous_3)","decl":{"start":{"line":27,"column":50},"end":{"line":27,"column":51}},"loc":{"start":{"line":27,"column":55},"end":{"line":27,"column":66}},"line":27},"4":{"name":"(anonymous_4)","decl":{"start":{"line":33,"column":40},"end":{"line":33,"column":41}},"loc":{"start":{"line":33,"column":52},"end":{"line":33,"column":65}},"line":33}},"branchMap":{"0":{"loc":{"start":{"line":32,"column":29},"end":{"line":34,"column":15}},"type":"cond-expr","locations":[{"start":{"line":33,"column":14},"end":{"line":33,"column":87}},{"start":{"line":34,"column":14},"end":{"line":34,"column":15}}],"line":32}},"s":{"0":1,"1":1,"2":1,"3":1,"4":1,"5":1,"6":1,"7":1,"8":1,"9":1,"10":1,"11":1,"12":1,"13":1,"14":2,"15":1,"16":2,"17":1,"18":1,"19":2,"20":1,"21":1,"22":1,"23":1,"24":0},"f":{"0":1,"1":1,"2":2,"3":2,"4":2},"b":{"0":[1,0]},"_coverageSchema":"1a1c01bbd47fc00a2c39e90264f33305004495a9","hash":"e940b1264b4e3d71bab31c85f69ce17dbf89289f"}
,"/Users/omar/Intellica/backend/controllers/quizController.js": {"path":"/Users/omar/Intellica/backend/controllers/quizController.js","statementMap":{"0":{"start":{"line":6,"column":26},"end":{"line":23,"column":1}},"1":{"start":{"line":7,"column":4},"end":{"line":22,"column":5}},"2":{"start":{"line":8,"column":24},"end":{"line":13,"column":36}},"3":{"start":{"line":15,"column":8},"end":{"line":19,"column":11}},"4":{"start":{"line":21,"column":8},"end":{"line":21,"column":20}},"5":{"start":{"line":28,"column":27},"end":{"line":52,"column":1}},"6":{"start":{"line":29,"column":4},"end":{"line":51,"column":5}},"7":{"start":{"line":30,"column":21},"end":{"line":33,"column":10}},"8":{"start":{"line":35,"column":8},"end":{"line":41,"column":9}},"9":{"start":{"line":36,"column":12},"end":{"line":40,"column":15}},"10":{"start":{"line":43,"column":8},"end":{"line":46,"column":11}},"11":{"start":{"line":50,"column":8},"end":{"line":50,"column":20}},"12":{"start":{"line":57,"column":26},"end":{"line":138,"column":1}},"13":{"start":{"line":58,"column":4},"end":{"line":137,"column":5}},"14":{"start":{"line":59,"column":28},"end":{"line":59,"column":36}},"15":{"start":{"line":61,"column":8},"end":{"line":67,"column":9}},"16":{"start":{"line":62,"column":12},"end":{"line":66,"column":15}},"17":{"start":{"line":69,"column":21},"end":{"line":72,"column":10}},"18":{"start":{"line":74,"column":8},"end":{"line":80,"column":9}},"19":{"start":{"line":75,"column":12},"end":{"line":79,"column":15}},"20":{"start":{"line":82,"column":8},"end":{"line":88,"column":9}},"21":{"start":{"line":83,"column":12},"end":{"line":87,"column":15}},"22":{"start":{"line":91,"column":27},"end":{"line":91,"column":28}},"23":{"start":{"line":92,"column":28},"end":{"line":92,"column":30}},"24":{"start":{"line":94,"column":8},"end":{"line":110,"column":11}},"25":{"start":{"line":95,"column":54},"end":{"line":95,"column":60}},"26":{"start":{"line":97,"column":12},"end":{"line":109,"column":13}},"27":{"start":{"line":98,"column":33},"end":{"line":98,"column":62}},"28":{"start":{"line":99,"column":34},"end":{"line":99,"column":75}},"29":{"start":{"line":101,"column":16},"end":{"line":101,"column":46}},"30":{"start":{"line":101,"column":31},"end":{"line":101,"column":46}},"31":{"start":{"line":103,"column":16},"end":{"line":108,"column":19}},"32":{"start":{"line":113,"column":22},"end":{"line":113,"column":76}},"33":{"start":{"line":116,"column":8},"end":{"line":116,"column":39}},"34":{"start":{"line":117,"column":8},"end":{"line":117,"column":27}},"35":{"start":{"line":118,"column":8},"end":{"line":118,"column":38}},"36":{"start":{"line":120,"column":8},"end":{"line":120,"column":26}},"37":{"start":{"line":122,"column":8},"end":{"line":133,"column":11}},"38":{"start":{"line":136,"column":8},"end":{"line":136,"column":20}},"39":{"start":{"line":143,"column":30},"end":{"line":198,"column":1}},"40":{"start":{"line":144,"column":4},"end":{"line":197,"column":5}},"41":{"start":{"line":145,"column":21},"end":{"line":148,"column":10}},"42":{"start":{"line":150,"column":8},"end":{"line":156,"column":9}},"43":{"start":{"line":151,"column":12},"end":{"line":155,"column":15}},"44":{"start":{"line":158,"column":8},"end":{"line":164,"column":9}},"45":{"start":{"line":159,"column":12},"end":{"line":163,"column":15}},"46":{"start":{"line":167,"column":32},"end":{"line":179,"column":10}},"47":{"start":{"line":168,"column":31},"end":{"line":168,"column":84}},"48":{"start":{"line":168,"column":58},"end":{"line":168,"column":83}},"49":{"start":{"line":170,"column":12},"end":{"line":178,"column":14}},"50":{"start":{"line":181,"column":8},"end":{"line":194,"column":11}},"51":{"start":{"line":196,"column":8},"end":{"line":196,"column":20}},"52":{"start":{"line":203,"column":26},"end":{"line":227,"column":1}},"53":{"start":{"line":204,"column":4},"end":{"line":226,"column":5}},"54":{"start":{"line":205,"column":21},"end":{"line":208,"column":10}},"55":{"start":{"line":210,"column":8},"end":{"line":216,"column":9}},"56":{"start":{"line":211,"column":12},"end":{"line":215,"column":15}},"57":{"start":{"line":218,"column":8},"end":{"line":218,"column":31}},"58":{"start":{"line":220,"column":8},"end":{"line":223,"column":11}},"59":{"start":{"line":225,"column":8},"end":{"line":225,"column":20}}},"fnMap":{"0":{"name":"(anonymous_0)","decl":{"start":{"line":6,"column":26},"end":{"line":6,"column":27}},"loc":{"start":{"line":6,"column":52},"end":{"line":23,"column":1}},"line":6},"1":{"name":"(anonymous_1)","decl":{"start":{"line":28,"column":27},"end":{"line":28,"column":28}},"loc":{"start":{"line":28,"column":53},"end":{"line":52,"column":1}},"line":28},"2":{"name":"(anonymous_2)","decl":{"start":{"line":57,"column":26},"end":{"line":57,"column":27}},"loc":{"start":{"line":57,"column":52},"end":{"line":138,"column":1}},"line":57},"3":{"name":"(anonymous_3)","decl":{"start":{"line":94,"column":24},"end":{"line":94,"column":25}},"loc":{"start":{"line":94,"column":34},"end":{"line":110,"column":9}},"line":94},"4":{"name":"(anonymous_4)","decl":{"start":{"line":143,"column":30},"end":{"line":143,"column":31}},"loc":{"start":{"line":143,"column":56},"end":{"line":198,"column":1}},"line":143},"5":{"name":"(anonymous_5)","decl":{"start":{"line":167,"column":51},"end":{"line":167,"column":52}},"loc":{"start":{"line":167,"column":72},"end":{"line":179,"column":9}},"line":167},"6":{"name":"(anonymous_6)","decl":{"start":{"line":168,"column":53},"end":{"line":168,"column":54}},"loc":{"start":{"line":168,"column":58},"end":{"line":168,"column":83}},"line":168},"7":{"name":"(anonymous_7)","decl":{"start":{"line":203,"column":26},"end":{"line":203,"column":27}},"loc":{"start":{"line":203,"column":52},"end":{"line":227,"column":1}},"line":203}},"branchMap":{"0":{"loc":{"start":{"line":35,"column":8},"end":{"line":41,"column":9}},"type":"if","locations":[{"start":{"line":35,"column":8},"end":{"line":41,"column":9}},{"start":{},"end":{}}],"line":35},"1":{"loc":{"start":{"line":61,"column":8},"end":{"line":67,"column":9}},"type":"if","locations":[{"start":{"line":61,"column":8},"end":{"line":67,"column":9}},{"start":{},"end":{}}],"line":61},"2":{"loc":{"start":{"line":74,"column":8},"end":{"line":80,"column":9}},"type":"if","locations":[{"start":{"line":74,"column":8},"end":{"line":80,"column":9}},{"start":{},"end":{}}],"line":74},"3":{"loc":{"start":{"line":82,"column":8},"end":{"line":88,"column":9}},"type":"if","locations":[{"start":{"line":82,"column":8},"end":{"line":88,"column":9}},{"start":{},"end":{}}],"line":82},"4":{"loc":{"start":{"line":97,"column":12},"end":{"line":109,"column":13}},"type":"if","locations":[{"start":{"line":97,"column":12},"end":{"line":109,"column":13}},{"start":{},"end":{}}],"line":97},"5":{"loc":{"start":{"line":101,"column":16},"end":{"line":101,"column":46}},"type":"if","locations":[{"start":{"line":101,"column":16},"end":{"line":101,"column":46}},{"start":{},"end":{}}],"line":101},"6":{"loc":{"start":{"line":150,"column":8},"end":{"line":156,"column":9}},"type":"if","locations":[{"start":{"line":150,"column":8},"end":{"line":156,"column":9}},{"start":{},"end":{}}],"line":150},"7":{"loc":{"start":{"line":158,"column":8},"end":{"line":164,"column":9}},"type":"if","locations":[{"start":{"line":158,"column":8},"end":{"line":164,"column":9}},{"start":{},"end":{}}],"line":158},"8":{"loc":{"start":{"line":175,"column":32},"end":{"line":175,"column":66}},"type":"binary-expr","locations":[{"start":{"line":175,"column":32},"end":{"line":175,"column":58}},{"start":{"line":175,"column":62},"end":{"line":175,"column":66}}],"line":175},"9":{"loc":{"start":{"line":176,"column":27},"end":{"line":176,"column":57}},"type":"binary-expr","locations":[{"start":{"line":176,"column":27},"end":{"line":176,"column":48}},{"start":{"line":176,"column":52},"end":{"line":176,"column":57}}],"line":176},"10":{"loc":{"start":{"line":210,"column":8},"end":{"line":216,"column":9}},"type":"if","locations":[{"start":{"line":210,"column":8},"end":{"line":216,"column":9}},{"start":{},"end":{}}],"line":210}},"s":{"0":1,"1":0,"2":0,"3":0,"4":0,"5":1,"6":2,"7":2,"8":2,"9":1,"10":1,"11":0,"12":1,"13":0,"14":0,"15":0,"16":0,"17":0,"18":0,"19":0,"20":0,"21":0,"22":0,"23":0,"24":0,"25":0,"26":0,"27":0,"28":0,"29":0,"30":0,"31":0,"32":0,"33":0,"34":0,"35":0,"36":0,"37":0,"38":0,"39":1,"40":0,"41":0,"42":0,"43":0,"44":0,"45":0,"46":0,"47":0,"48":0,"49":0,"50":0,"51":0,"52":1,"53":0,"54":0,"55":0,"56":0,"57":0,"58":0,"59":0},"f":{"0":0,"1":2,"2":0,"3":0,"4":0,"5":0,"6":0,"7":0},"b":{"0":[1,1],"1":[0,0],"2":[0,0],"3":[0,0],"4":[0,0],"5":[0,0],"6":[0,0],"7":[0,0],"8":[0,0],"9":[0,0],"10":[0,0]},"_coverageSchema":"1a1c01bbd47fc00a2c39e90264f33305004495a9","hash":"07ba6f4fb587c20adcb8117cedee588ac9e3631d"}
,"/Users/omar/Intellica/backend/middleware/auth.js": {"path":"/Users/omar/Intellica/backend/middleware/auth.js","statementMap":{"0":{"start":{"line":4,"column":16},"end":{"line":52,"column":1}},"1":{"start":{"line":8,"column":4},"end":{"line":43,"column":5}},"2":{"start":{"line":9,"column":8},"end":{"line":42,"column":9}},"3":{"start":{"line":10,"column":12},"end":{"line":10,"column":60}},"4":{"start":{"line":13,"column":28},"end":{"line":13,"column":69}},"5":{"start":{"line":15,"column":12},"end":{"line":15,"column":75}},"6":{"start":{"line":17,"column":12},"end":{"line":23,"column":13}},"7":{"start":{"line":18,"column":16},"end":{"line":22,"column":19}},"8":{"start":{"line":25,"column":12},"end":{"line":25,"column":19}},"9":{"start":{"line":27,"column":12},"end":{"line":27,"column":67}},"10":{"start":{"line":29,"column":12},"end":{"line":35,"column":13}},"11":{"start":{"line":30,"column":16},"end":{"line":34,"column":19}},"12":{"start":{"line":37,"column":12},"end":{"line":41,"column":15}},"13":{"start":{"line":45,"column":4},"end":{"line":51,"column":5}},"14":{"start":{"line":46,"column":8},"end":{"line":50,"column":11}}},"fnMap":{"0":{"name":"(anonymous_0)","decl":{"start":{"line":4,"column":16},"end":{"line":4,"column":17}},"loc":{"start":{"line":4,"column":42},"end":{"line":52,"column":1}},"line":4}},"branchMap":{"0":{"loc":{"start":{"line":8,"column":4},"end":{"line":43,"column":5}},"type":"if","locations":[{"start":{"line":8,"column":4},"end":{"line":43,"column":5}},{"start":{},"end":{}}],"line":8},"1":{"loc":{"start":{"line":8,"column":9},"end":{"line":8,"column":84}},"type":"binary-expr","locations":[{"start":{"line":8,"column":9},"end":{"line":8,"column":34}},{"start":{"line":8,"column":38},"end":{"line":8,"column":84}}],"line":8},"2":{"loc":{"start":{"line":17,"column":12},"end":{"line":23,"column":13}},"type":"if","locations":[{"start":{"line":17,"column":12},"end":{"line":23,"column":13}},{"start":{},"end":{}}],"line":17},"3":{"loc":{"start":{"line":29,"column":12},"end":{"line":35,"column":13}},"type":"if","locations":[{"start":{"line":29,"column":12},"end":{"line":35,"column":13}},{"start":{},"end":{}}],"line":29},"4":{"loc":{"start":{"line":45,"column":4},"end":{"line":51,"column":5}},"type":"if","locations":[{"start":{"line":45,"column":4},"end":{"line":51,"column":5}},{"start":{},"end":{}}],"line":45}},"s":{"0":2,"1":2,"2":1,"3":1,"4":1,"5":0,"6":0,"7":0,"8":0,"9":1,"10":1,"11":0,"12":1,"13":1,"14":1},"f":{"0":2},"b":{"0":[1,1],"1":[2,1],"2":[0,0],"3":[0,1],"4":[1,0]},"_coverageSchema":"1a1c01bbd47fc00a2c39e90264f33305004495a9","hash":"6f25275456553f5cbda46980527504b3e08088a1"}
,"/Users/omar/Intellica/backend/middleware/errorHandler.js": {"path":"/Users/omar/Intellica/backend/middleware/errorHandler.js","statementMap":{"0":{"start":{"line":1,"column":21},"end":{"line":52,"column":1}},"1":{"start":{"line":2,"column":21},"end":{"line":2,"column":42}},"2":{"start":{"line":3,"column":18},"end":{"line":3,"column":56}},"3":{"start":{"line":6,"column":4},"end":{"line":9,"column":5}},"4":{"start":{"line":7,"column":8},"end":{"line":7,"column":39}},"5":{"start":{"line":8,"column":8},"end":{"line":8,"column":25}},"6":{"start":{"line":12,"column":4},"end":{"line":16,"column":5}},"7":{"start":{"line":13,"column":22},"end":{"line":13,"column":50}},"8":{"start":{"line":14,"column":8},"end":{"line":14,"column":63}},"9":{"start":{"line":15,"column":8},"end":{"line":15,"column":25}},"10":{"start":{"line":19,"column":4},"end":{"line":22,"column":5}},"11":{"start":{"line":20,"column":8},"end":{"line":20,"column":79}},"12":{"start":{"line":20,"column":55},"end":{"line":20,"column":66}},"13":{"start":{"line":21,"column":8},"end":{"line":21,"column":25}},"14":{"start":{"line":25,"column":4},"end":{"line":28,"column":5}},"15":{"start":{"line":26,"column":8},"end":{"line":26,"column":67}},"16":{"start":{"line":27,"column":8},"end":{"line":27,"column":25}},"17":{"start":{"line":31,"column":4},"end":{"line":34,"column":5}},"18":{"start":{"line":32,"column":8},"end":{"line":32,"column":56}},"19":{"start":{"line":33,"column":8},"end":{"line":33,"column":25}},"20":{"start":{"line":36,"column":4},"end":{"line":39,"column":5}},"21":{"start":{"line":37,"column":8},"end":{"line":37,"column":65}},"22":{"start":{"line":38,"column":8},"end":{"line":38,"column":25}},"23":{"start":{"line":41,"column":4},"end":{"line":44,"column":7}},"24":{"start":{"line":46,"column":4},"end":{"line":51,"column":7}}},"fnMap":{"0":{"name":"(anonymous_0)","decl":{"start":{"line":1,"column":21},"end":{"line":1,"column":22}},"loc":{"start":{"line":1,"column":46},"end":{"line":52,"column":1}},"line":1},"1":{"name":"(anonymous_1)","decl":{"start":{"line":20,"column":48},"end":{"line":20,"column":49}},"loc":{"start":{"line":20,"column":55},"end":{"line":20,"column":66}},"line":20}},"branchMap":{"0":{"loc":{"start":{"line":2,"column":21},"end":{"line":2,"column":42}},"type":"binary-expr","locations":[{"start":{"line":2,"column":21},"end":{"line":2,"column":35}},{"start":{"line":2,"column":39},"end":{"line":2,"column":42}}],"line":2},"1":{"loc":{"start":{"line":3,"column":18},"end":{"line":3,"column":56}},"type":"binary-expr","locations":[{"start":{"line":3,"column":18},"end":{"line":3,"column":29}},{"start":{"line":3,"column":33},"end":{"line":3,"column":56}}],"line":3},"2":{"loc":{"start":{"line":6,"column":4},"end":{"line":9,"column":5}},"type":"if","locations":[{"start":{"line":6,"column":4},"end":{"line":9,"column":5}},{"start":{},"end":{}}],"line":6},"3":{"loc":{"start":{"line":12,"column":4},"end":{"line":16,"column":5}},"type":"if","locations":[{"start":{"line":12,"column":4},"end":{"line":16,"column":5}},{"start":{},"end":{}}],"line":12},"4":{"loc":{"start":{"line":19,"column":4},"end":{"line":22,"column":5}},"type":"if","locations":[{"start":{"line":19,"column":4},"end":{"line":22,"column":5}},{"start":{},"end":{}}],"line":19},"5":{"loc":{"start":{"line":25,"column":4},"end":{"line":28,"column":5}},"type":"if","locations":[{"start":{"line":25,"column":4},"end":{"line":28,"column":5}},{"start":{},"end":{}}],"line":25},"6":{"loc":{"start":{"line":31,"column":4},"end":{"line":34,"column":5}},"type":"if","locations":[{"start":{"line":31,"column":4},"end":{"line":34,"column":5}},{"start":{},"end":{}}],"line":31},"7":{"loc":{"start":{"line":36,"column":4},"end":{"line":39,"column":5}},"type":"if","locations":[{"start":{"line":36,"column":4},"end":{"line":39,"column":5}},{"start":{},"end":{}}],"line":36},"8":{"loc":{"start":{"line":43,"column":15},"end":{"line":43,"column":77}},"type":"cond-expr","locations":[{"start":{"line":43,"column":56},"end":{"line":43,"column":65}},{"start":{"line":43,"column":68},"end":{"line":43,"column":77}}],"line":43},"9":{"loc":{"start":{"line":50,"column":12},"end":{"line":50,"column":74}},"type":"binary-expr","locations":[{"start":{"line":50,"column":12},"end":{"line":50,"column":50}},{"start":{"line":50,"column":54},"end":{"line":50,"column":74}}],"line":50}},"s":{"0":1,"1":1,"2":1,"3":1,"4":0,"5":0,"6":1,"7":0,"8":0,"9":0,"10":1,"11":0,"12":0,"13":0,"14":1,"15":0,"16":0,"17":1,"18":0,"19":0,"20":1,"21":0,"22":0,"23":1,"24":1},"f":{"0":1,"1":0},"b":{"0":[1,0],"1":[1,0],"2":[0,1],"3":[0,1],"4":[0,1],"5":[0,1],"6":[0,1],"7":[0,1],"8":[0,1],"9":[1,0]},"_coverageSchema":"1a1c01bbd47fc00a2c39e90264f33305004495a9","hash":"4834bbaf5bc49a7c1de256e3f3356e30b916b71c"}
}
