TN:
SF:controllers/aiController.js
FN:13,(anonymous_0)
FN:48,(anonymous_1)
FN:71,(anonymous_2)
FN:129,(anonymous_3)
FN:177,(anonymous_4)
FN:205,(anonymous_5)
FN:262,(anonymous_6)
FN:290,(anonymous_7)
FN:300,(anonymous_8)
FN:313,(anonymous_9)
FNF:10
FNH:6
FNDA:1,(anonymous_0)
FNDA:0,(anonymous_1)
FNDA:1,(anonymous_2)
FNDA:1,(anonymous_3)
FNDA:1,(anonymous_4)
FNDA:0,(anonymous_5)
FNDA:1,(anonymous_6)
FNDA:0,(anonymous_7)
FNDA:0,(anonymous_8)
FNDA:1,(anonymous_9)
DA:13,1
DA:14,1
DA:15,1
DA:17,1
DA:18,1
DA:24,0
DA:30,0
DA:31,0
DA:39,0
DA:45,0
DA:48,0
DA:57,0
DA:64,0
DA:71,1
DA:72,1
DA:73,1
DA:75,1
DA:76,1
DA:83,0
DA:89,0
DA:90,0
DA:98,0
DA:104,0
DA:114,0
DA:121,0
DA:129,1
DA:130,1
DA:131,1
DA:133,1
DA:134,1
DA:141,0
DA:147,0
DA:148,0
DA:156,0
DA:160,0
DA:170,0
DA:177,1
DA:178,1
DA:179,1
DA:181,1
DA:182,1
DA:189,0
DA:195,0
DA:196,0
DA:204,0
DA:205,0
DA:208,0
DA:213,0
DA:214,0
DA:222,0
DA:225,0
DA:240,0
DA:242,0
DA:254,0
DA:262,1
DA:263,1
DA:264,1
DA:266,1
DA:267,1
DA:274,0
DA:280,0
DA:281,0
DA:289,0
DA:290,0
DA:293,0
DA:295,0
DA:300,0
DA:305,0
DA:313,1
DA:314,1
DA:315,1
DA:317,0
DA:318,0
DA:325,0
DA:330,0
DA:331,0
DA:338,0
DA:345,1
LF:78
LH:29
BRDA:15,0,0,1
BRDA:17,1,0,1
BRDA:17,1,1,0
BRDA:30,2,0,0
BRDA:30,2,1,0
BRDA:73,3,0,1
BRDA:75,4,0,1
BRDA:75,4,1,0
BRDA:89,5,0,0
BRDA:89,5,1,0
BRDA:107,6,0,0
BRDA:107,6,1,0
BRDA:133,7,0,1
BRDA:133,7,1,0
BRDA:147,8,0,0
BRDA:147,8,1,0
BRDA:181,9,0,1
BRDA:181,9,1,0
BRDA:181,10,0,1
BRDA:181,10,1,0
BRDA:195,11,0,0
BRDA:195,11,1,0
BRDA:213,12,0,0
BRDA:213,12,1,0
BRDA:266,13,0,1
BRDA:266,13,1,0
BRDA:266,14,0,1
BRDA:266,14,1,0
BRDA:280,15,0,0
BRDA:280,15,1,0
BRDA:317,16,0,0
BRDA:317,16,1,0
BRDA:330,17,0,0
BRDA:330,17,1,0
BRF:34
BRH:9
end_of_record
TN:
SF:controllers/authController.js
FN:5,(anonymous_0)
FN:14,(anonymous_1)
FN:63,(anonymous_2)
FN:121,(anonymous_3)
FN:146,(anonymous_4)
FN:178,(anonymous_5)
FNF:6
FNH:2
FNDA:1,(anonymous_0)
FNDA:2,(anonymous_1)
FNDA:0,(anonymous_2)
FNDA:0,(anonymous_3)
FNDA:0,(anonymous_4)
FNDA:0,(anonymous_5)
DA:5,2
DA:6,1
DA:14,2
DA:15,2
DA:16,2
DA:19,2
DA:21,2
DA:22,1
DA:32,1
DA:39,1
DA:40,1
DA:56,0
DA:63,2
DA:64,0
DA:65,0
DA:68,0
DA:69,0
DA:76,0
DA:78,0
DA:79,0
DA:87,0
DA:89,0
DA:90,0
DA:97,0
DA:99,0
DA:113,0
DA:121,2
DA:122,0
DA:123,0
DA:125,0
DA:138,0
DA:146,2
DA:147,0
DA:148,0
DA:150,0
DA:152,0
DA:153,0
DA:154,0
DA:156,0
DA:158,0
DA:170,0
DA:178,2
DA:179,0
DA:180,0
DA:182,0
DA:183,0
DA:190,0
DA:193,0
DA:195,0
DA:196,0
DA:202,0
DA:204,0
DA:205,0
DA:213,0
DA:214,0
DA:216,0
DA:222,0
LF:57
LH:15
BRDA:7,0,0,1
BRDA:7,0,1,0
BRDA:21,1,0,1
BRDA:21,1,1,1
BRDA:25,2,0,1
BRDA:25,2,1,0
BRDA:68,3,0,0
BRDA:68,3,1,0
BRDA:68,4,0,0
BRDA:68,4,1,0
BRDA:78,5,0,0
BRDA:78,5,1,0
BRDA:78,6,0,0
BRDA:78,6,1,0
BRDA:89,7,0,0
BRDA:89,7,1,0
BRDA:152,8,0,0
BRDA:152,8,1,0
BRDA:153,9,0,0
BRDA:153,9,1,0
BRDA:154,10,0,0
BRDA:154,10,1,0
BRDA:182,11,0,0
BRDA:182,11,1,0
BRDA:182,12,0,0
BRDA:182,12,1,0
BRDA:195,13,0,0
BRDA:195,13,1,0
BRDA:204,14,0,0
BRDA:204,14,1,0
BRF:30
BRH:4
end_of_record
TN:
SF:controllers/documentController.js
FN:13,(anonymous_0)
FN:50,(anonymous_1)
FN:63,(anonymous_2)
FN:71,(anonymous_3)
FN:102,(anonymous_4)
FN:159,(anonymous_5)
FN:201,(anonymous_6)
FN:217,(anonymous_7)
FNF:8
FNH:1
FNDA:0,(anonymous_0)
FNDA:0,(anonymous_1)
FNDA:0,(anonymous_2)
FNDA:0,(anonymous_3)
FNDA:1,(anonymous_4)
FNDA:0,(anonymous_5)
FNDA:0,(anonymous_6)
FNDA:0,(anonymous_7)
DA:13,1
DA:14,0
DA:15,0
DA:16,0
DA:23,0
DA:25,0
DA:27,0
DA:28,0
DA:36,0
DA:37,0
DA:40,0
DA:50,0
DA:51,0
DA:54,0
DA:62,0
DA:63,0
DA:65,0
DA:71,1
DA:72,0
DA:73,0
DA:76,0
DA:79,0
DA:85,0
DA:87,0
DA:89,0
DA:102,1
DA:103,1
DA:104,1
DA:143,1
DA:149,0
DA:159,1
DA:160,0
DA:161,0
DA:166,0
DA:167,0
DA:175,0
DA:176,0
DA:179,0
DA:180,0
DA:183,0
DA:184,0
DA:185,0
DA:187,0
DA:192,0
DA:201,1
DA:202,0
DA:203,0
DA:208,0
DA:209,0
DA:217,0
DA:220,0
DA:222,0
DA:227,0
LF:53
LH:8
BRDA:15,0,0,0
BRDA:15,0,1,0
BRDA:25,1,0,0
BRDA:25,1,1,0
BRDA:36,2,0,0
BRDA:36,2,1,0
BRDA:62,3,0,0
BRDA:62,3,1,0
BRDA:166,4,0,0
BRDA:166,4,1,0
BRDA:208,5,0,0
BRDA:208,5,1,0
BRF:12
BRH:0
end_of_record
TN:
SF:controllers/flashcardController.js
FN:7,(anonymous_0)
FN:30,(anonymous_1)
FN:49,(anonymous_2)
FN:64,(anonymous_3)
FN:94,(anonymous_4)
FN:108,(anonymous_5)
FN:138,(anonymous_6)
FNF:7
FNH:1
FNDA:1,(anonymous_0)
FNDA:0,(anonymous_1)
FNDA:0,(anonymous_2)
FNDA:0,(anonymous_3)
FNDA:0,(anonymous_4)
FNDA:0,(anonymous_5)
FNDA:0,(anonymous_6)
DA:7,1
DA:8,1
DA:9,1
DA:16,1
DA:22,0
DA:30,1
DA:31,0
DA:32,0
DA:36,0
DA:42,0
DA:49,1
DA:50,0
DA:51,0
DA:56,0
DA:57,0
DA:64,0
DA:66,0
DA:67,0
DA:75,0
DA:76,0
DA:78,0
DA:80,0
DA:86,0
DA:94,1
DA:95,0
DA:96,0
DA:101,0
DA:102,0
DA:108,0
DA:110,0
DA:111,0
DA:119,0
DA:121,0
DA:123,0
DA:130,0
DA:138,1
DA:139,0
DA:140,0
DA:145,0
DA:146,0
DA:153,0
DA:155,0
DA:162,0
LF:43
LH:8
BRDA:56,0,0,0
BRDA:56,0,1,0
BRDA:66,1,0,0
BRDA:66,1,1,0
BRDA:101,2,0,0
BRDA:101,2,1,0
BRDA:110,3,0,0
BRDA:110,3,1,0
BRDA:126,4,0,0
BRDA:126,4,1,0
BRDA:145,5,0,0
BRDA:145,5,1,0
BRF:12
BRH:0
end_of_record
TN:
SF:controllers/progressController.js
FN:8,(anonymous_0)
FN:24,(anonymous_1)
FN:26,(anonymous_2)
FN:27,(anonymous_3)
FN:33,(anonymous_4)
FNF:5
FNH:0
FNDA:0,(anonymous_0)
FNDA:0,(anonymous_1)
FNDA:0,(anonymous_2)
FNDA:0,(anonymous_3)
FNDA:0,(anonymous_4)
DA:8,0
DA:9,0
DA:10,0
DA:13,0
DA:14,0
DA:15,0
DA:16,0
DA:19,0
DA:20,0
DA:21,0
DA:22,0
DA:24,0
DA:25,0
DA:26,0
DA:27,0
DA:31,0
DA:32,0
DA:33,0
DA:37,0
DA:42,0
DA:49,0
DA:51,0
DA:72,0
LF:23
LH:0
BRDA:32,0,0,0
BRDA:32,0,1,0
BRF:2
BRH:0
end_of_record
TN:
SF:controllers/quizController.js
FN:6,(anonymous_0)
FN:28,(anonymous_1)
FN:57,(anonymous_2)
FN:94,(anonymous_3)
FN:143,(anonymous_4)
FN:167,(anonymous_5)
FN:168,(anonymous_6)
FN:203,(anonymous_7)
FNF:8
FNH:1
FNDA:0,(anonymous_0)
FNDA:2,(anonymous_1)
FNDA:0,(anonymous_2)
FNDA:0,(anonymous_3)
FNDA:0,(anonymous_4)
FNDA:0,(anonymous_5)
FNDA:0,(anonymous_6)
FNDA:0,(anonymous_7)
DA:6,1
DA:7,0
DA:8,0
DA:15,0
DA:21,0
DA:28,1
DA:29,2
DA:30,2
DA:35,2
DA:36,1
DA:43,1
DA:50,0
DA:57,1
DA:58,0
DA:59,0
DA:61,0
DA:62,0
DA:69,0
DA:74,0
DA:75,0
DA:82,0
DA:83,0
DA:91,0
DA:92,0
DA:94,0
DA:95,0
DA:97,0
DA:98,0
DA:99,0
DA:101,0
DA:103,0
DA:113,0
DA:116,0
DA:117,0
DA:118,0
DA:120,0
DA:122,0
DA:136,0
DA:143,1
DA:144,0
DA:145,0
DA:150,0
DA:151,0
DA:158,0
DA:159,0
DA:167,0
DA:168,0
DA:170,0
DA:181,0
DA:196,0
DA:203,1
DA:204,0
DA:205,0
DA:210,0
DA:211,0
DA:218,0
DA:220,0
DA:225,0
LF:58
LH:10
BRDA:35,0,0,1
BRDA:35,0,1,1
BRDA:61,1,0,0
BRDA:61,1,1,0
BRDA:74,2,0,0
BRDA:74,2,1,0
BRDA:82,3,0,0
BRDA:82,3,1,0
BRDA:97,4,0,0
BRDA:97,4,1,0
BRDA:101,5,0,0
BRDA:101,5,1,0
BRDA:150,6,0,0
BRDA:150,6,1,0
BRDA:158,7,0,0
BRDA:158,7,1,0
BRDA:175,8,0,0
BRDA:175,8,1,0
BRDA:176,9,0,0
BRDA:176,9,1,0
BRDA:210,10,0,0
BRDA:210,10,1,0
BRF:22
BRH:2
end_of_record
TN:
SF:middleware/auth.js
FN:4,(anonymous_0)
FNF:1
FNH:1
FNDA:2,(anonymous_0)
DA:4,2
DA:8,2
DA:9,1
DA:10,1
DA:13,1
DA:15,0
DA:17,0
DA:18,0
DA:25,0
DA:27,1
DA:29,1
DA:30,0
DA:37,1
DA:45,1
DA:46,1
LF:15
LH:10
BRDA:8,0,0,1
BRDA:8,0,1,1
BRDA:8,1,0,2
BRDA:8,1,1,1
BRDA:17,2,0,0
BRDA:17,2,1,0
BRDA:29,3,0,0
BRDA:29,3,1,1
BRDA:45,4,0,1
BRDA:45,4,1,0
BRF:10
BRH:6
end_of_record
TN:
SF:middleware/errorHandler.js
FN:1,(anonymous_0)
FN:20,(anonymous_1)
FNF:2
FNH:1
FNDA:1,(anonymous_0)
FNDA:0,(anonymous_1)
DA:1,1
DA:2,1
DA:3,1
DA:6,1
DA:7,0
DA:8,0
DA:12,1
DA:13,0
DA:14,0
DA:15,0
DA:19,1
DA:20,0
DA:21,0
DA:25,1
DA:26,0
DA:27,0
DA:31,1
DA:32,0
DA:33,0
DA:36,1
DA:37,0
DA:38,0
DA:41,1
DA:46,1
LF:24
LH:11
BRDA:2,0,0,1
BRDA:2,0,1,0
BRDA:3,1,0,1
BRDA:3,1,1,0
BRDA:6,2,0,0
BRDA:6,2,1,1
BRDA:12,3,0,0
BRDA:12,3,1,1
BRDA:19,4,0,0
BRDA:19,4,1,1
BRDA:25,5,0,0
BRDA:25,5,1,1
BRDA:31,6,0,0
BRDA:31,6,1,1
BRDA:36,7,0,0
BRDA:36,7,1,1
BRDA:43,8,0,0
BRDA:43,8,1,1
BRDA:50,9,0,1
BRDA:50,9,1,0
BRF:20
BRH:10
end_of_record
